<?xml version="1.0" encoding="UTF-8"?>
<!-- Generated by org.testng.reporters.JUnitReportReporter -->
<testsuite hostname="LAPTOP-3KLROFOE" failures="0" tests="1" name="baselibrary.Baselibrary" time="96.039" errors="0" timestamp="2022-11-15T14:57:16 IST" skipped="0">
  <testcase classname="baselibrary.Baselibrary" name="geturllaunch" time="96.039"/>
  <system-out/>
</testsuite> <!-- baselibrary.Baselibrary -->
